2015-01-15 19:36:18 INFO  org.hibernate.annotations.common.Version     - HCANN000001: Hibernate Commons Annotations {4.0.5.Final}
2015-01-15 19:36:18 INFO  org.hibernate.Version     - HHH000412: Hibernate Core {4.3.7.Final}
2015-01-15 19:36:18 INFO  org.hibernate.cfg.Environment     - HHH000206: hibernate.properties not found
2015-01-15 19:36:18 INFO  org.hibernate.cfg.Environment     - HHH000021: Bytecode provider name : javassist
2015-01-15 19:36:18 INFO  org.hibernate.cfg.Configuration     - HHH000043: Configuring from resource: hibernate.cfg.xml
2015-01-15 19:36:18 INFO  org.hibernate.cfg.Configuration     - HHH000040: Configuration resource: hibernate.cfg.xml
2015-01-15 19:36:18 INFO  org.hibernate.cfg.Configuration     - HHH000041: Configured SessionFactory: null
2015-01-15 19:36:18 WARN  org.hibernate.engine.jdbc.connections.internal.DriverManagerConnectionProviderImpl     - HHH000402: Using Hibernate built-in connection pool (not for production use!)
2015-01-15 19:36:18 INFO  org.hibernate.engine.jdbc.connections.internal.DriverManagerConnectionProviderImpl     - HHH000401: using driver [com.mysql.jdbc.Driver] at URL [jdbc:mysql://localhost:3306/usermanager]
2015-01-15 19:36:18 INFO  org.hibernate.engine.jdbc.connections.internal.DriverManagerConnectionProviderImpl     - HHH000046: Connection properties: {user=readWrite, password=****}
2015-01-15 19:36:18 INFO  org.hibernate.engine.jdbc.connections.internal.DriverManagerConnectionProviderImpl     - HHH000006: Autocommit mode: false
2015-01-15 19:36:18 INFO  org.hibernate.engine.jdbc.connections.internal.DriverManagerConnectionProviderImpl     - HHH000115: Hibernate connection pool size: 1 (min=1)
2015-01-15 19:36:18 INFO  org.hibernate.dialect.Dialect     - HHH000400: Using dialect: org.hibernate.dialect.MySQLDialect
2015-01-15 19:36:18 INFO  org.hibernate.engine.transaction.internal.TransactionFactoryInitiator     - HHH000399: Using default transaction strategy (direct JDBC transactions)
2015-01-15 19:36:18 INFO  org.hibernate.hql.internal.ast.ASTQueryTranslatorFactory     - HHH000397: Using ASTQueryTranslatorFactory
2015-01-15 19:36:18 INFO  org.hibernate.validator.internal.util.Version     - HV000001: Hibernate Validator 5.1.3.Final
2015-01-15 19:36:19 INFO  org.hibernate.tool.hbm2ddl.SchemaExport     - HHH000227: Running hbm2ddl schema export
2015-01-15 19:36:19 INFO  org.hibernate.tool.hbm2ddl.SchemaExport     - HHH000230: Schema export complete
2015-01-15 19:43:08 INFO  org.hibernate.annotations.common.Version     - HCANN000001: Hibernate Commons Annotations {4.0.5.Final}
2015-01-15 19:43:08 INFO  org.hibernate.Version     - HHH000412: Hibernate Core {4.3.7.Final}
2015-01-15 19:43:08 INFO  org.hibernate.cfg.Environment     - HHH000205: Loaded properties from resource hibernate.properties: {hibernate.c3p0.timeout=1800, hibernate.connection.driver_class=com.mysql.jdbc.Driver, hibernate.c3p0.max_statements=50, hibernate.dialect=org.hibernate.dialect.MySQLDialect, hibernate.c3p0.max_size=20, hibernate.format_sql=true, hibernate.c3p0.min_size=5, hibernate.connection.username=readWrite, hibernate.hbm2ddl.auto=create, hibernate.connection.url=jdbc:mysql://localhost:3306/usermanager, hibernate.show_sql=true, hibernate.bytecode.use_reflection_optimizer=false, hibernate.connection.password=****}
2015-01-15 19:43:08 INFO  org.hibernate.cfg.Environment     - HHH000021: Bytecode provider name : javassist
2015-01-15 19:43:08 INFO  org.hibernate.cfg.Configuration     - HHH000043: Configuring from resource: hibernate.cfg.xml
2015-01-15 19:43:08 INFO  org.hibernate.cfg.Configuration     - HHH000040: Configuration resource: hibernate.cfg.xml
2015-01-15 19:43:08 INFO  org.hibernate.cfg.Configuration     - HHH000041: Configured SessionFactory: null
2015-01-15 19:43:08 WARN  org.hibernate.engine.jdbc.connections.internal.ConnectionProviderInitiator     - HHH000022: c3p0 properties were encountered, but the c3p0 provider class was not found on the classpath; these properties are going to be ignored.
2015-01-15 19:43:08 WARN  org.hibernate.engine.jdbc.connections.internal.DriverManagerConnectionProviderImpl     - HHH000402: Using Hibernate built-in connection pool (not for production use!)
2015-01-15 19:43:08 INFO  org.hibernate.engine.jdbc.connections.internal.DriverManagerConnectionProviderImpl     - HHH000401: using driver [com.mysql.jdbc.Driver] at URL [jdbc:mysql://localhost:3306/usermanager]
2015-01-15 19:43:08 INFO  org.hibernate.engine.jdbc.connections.internal.DriverManagerConnectionProviderImpl     - HHH000046: Connection properties: {user=readWrite, password=****}
2015-01-15 19:43:08 INFO  org.hibernate.engine.jdbc.connections.internal.DriverManagerConnectionProviderImpl     - HHH000006: Autocommit mode: false
2015-01-15 19:43:08 INFO  org.hibernate.engine.jdbc.connections.internal.DriverManagerConnectionProviderImpl     - HHH000115: Hibernate connection pool size: 20 (min=1)
2015-01-15 19:43:09 INFO  org.hibernate.dialect.Dialect     - HHH000400: Using dialect: org.hibernate.dialect.MySQLDialect
2015-01-15 19:43:09 INFO  org.hibernate.engine.transaction.internal.TransactionFactoryInitiator     - HHH000399: Using default transaction strategy (direct JDBC transactions)
2015-01-15 19:43:09 INFO  org.hibernate.hql.internal.ast.ASTQueryTranslatorFactory     - HHH000397: Using ASTQueryTranslatorFactory
2015-01-15 19:43:09 INFO  org.hibernate.validator.internal.util.Version     - HV000001: Hibernate Validator 5.1.3.Final
2015-01-15 19:43:09 INFO  org.hibernate.tool.hbm2ddl.SchemaExport     - HHH000227: Running hbm2ddl schema export
2015-01-15 19:43:09 INFO  org.hibernate.tool.hbm2ddl.SchemaExport     - HHH000230: Schema export complete
2015-01-15 19:43:35 INFO  org.hibernate.annotations.common.Version     - HCANN000001: Hibernate Commons Annotations {4.0.5.Final}
2015-01-15 19:43:35 INFO  org.hibernate.Version     - HHH000412: Hibernate Core {4.3.7.Final}
2015-01-15 19:43:35 INFO  org.hibernate.cfg.Environment     - HHH000205: Loaded properties from resource hibernate.properties: {hibernate.c3p0.timeout=1800, hibernate.connection.driver_class=com.mysql.jdbc.Driver, hibernate.c3p0.max_statements=50, hibernate.dialect=org.hibernate.dialect.MySQLDialect, hibernate.c3p0.max_size=20, hibernate.format_sql=true, hibernate.c3p0.min_size=5, hibernate.connection.username=readWrite, hibernate.hbm2ddl.auto=create, hibernate.connection.url=jdbc:mysql://localhost:3306/usermanager, hibernate.show_sql=true, hibernate.bytecode.use_reflection_optimizer=false, hibernate.connection.password=****}
2015-01-15 19:43:35 INFO  org.hibernate.cfg.Environment     - HHH000021: Bytecode provider name : javassist
2015-01-15 19:43:35 INFO  org.hibernate.cfg.Configuration     - HHH000043: Configuring from resource: hibernate.cfg.xml
2015-01-15 19:43:35 INFO  org.hibernate.cfg.Configuration     - HHH000040: Configuration resource: hibernate.cfg.xml
2015-01-15 19:43:36 INFO  org.hibernate.cfg.Configuration     - HHH000041: Configured SessionFactory: null
2015-01-15 19:43:36 WARN  org.hibernate.engine.jdbc.connections.internal.ConnectionProviderInitiator     - HHH000022: c3p0 properties were encountered, but the c3p0 provider class was not found on the classpath; these properties are going to be ignored.
2015-01-15 19:43:36 WARN  org.hibernate.engine.jdbc.connections.internal.DriverManagerConnectionProviderImpl     - HHH000402: Using Hibernate built-in connection pool (not for production use!)
2015-01-15 19:43:36 INFO  org.hibernate.engine.jdbc.connections.internal.DriverManagerConnectionProviderImpl     - HHH000401: using driver [com.mysql.jdbc.Driver] at URL [jdbc:mysql://localhost:3306/usermanager]
2015-01-15 19:43:36 INFO  org.hibernate.engine.jdbc.connections.internal.DriverManagerConnectionProviderImpl     - HHH000046: Connection properties: {user=readWrite, password=****}
2015-01-15 19:43:36 INFO  org.hibernate.engine.jdbc.connections.internal.DriverManagerConnectionProviderImpl     - HHH000006: Autocommit mode: false
2015-01-15 19:43:36 INFO  org.hibernate.engine.jdbc.connections.internal.DriverManagerConnectionProviderImpl     - HHH000115: Hibernate connection pool size: 20 (min=1)
2015-01-15 19:43:36 INFO  org.hibernate.dialect.Dialect     - HHH000400: Using dialect: org.hibernate.dialect.MySQLDialect
2015-01-15 19:43:36 INFO  org.hibernate.engine.transaction.internal.TransactionFactoryInitiator     - HHH000399: Using default transaction strategy (direct JDBC transactions)
2015-01-15 19:43:36 INFO  org.hibernate.hql.internal.ast.ASTQueryTranslatorFactory     - HHH000397: Using ASTQueryTranslatorFactory
2015-01-15 19:43:36 INFO  org.hibernate.validator.internal.util.Version     - HV000001: Hibernate Validator 5.1.3.Final
2015-01-15 19:43:36 INFO  org.hibernate.tool.hbm2ddl.SchemaExport     - HHH000227: Running hbm2ddl schema export
2015-01-15 19:43:37 INFO  org.hibernate.tool.hbm2ddl.SchemaExport     - HHH000230: Schema export complete
2015-01-15 19:50:09 INFO  org.hibernate.annotations.common.Version     - HCANN000001: Hibernate Commons Annotations {4.0.5.Final}
2015-01-15 19:50:10 INFO  org.hibernate.Version     - HHH000412: Hibernate Core {4.3.7.Final}
2015-01-15 19:50:10 INFO  org.hibernate.cfg.Environment     - HHH000205: Loaded properties from resource hibernate.properties: {hibernate.c3p0.timeout=1800, hibernate.connection.driver_class=com.mysql.jdbc.Driver, hibernate.c3p0.max_statements=50, hibernate.dialect=org.hibernate.dialect.MySQLDialect, hibernate.c3p0.max_size=20, hibernate.format_sql=true, hibernate.c3p0.min_size=5, hibernate.connection.username=readWrite, hibernate.hbm2ddl.auto=create, hibernate.connection.url=jdbc:mysql://localhost:3306/usermanager, hibernate.show_sql=true, hibernate.bytecode.use_reflection_optimizer=false, hibernate.connection.password=****}
2015-01-15 19:50:10 INFO  org.hibernate.cfg.Environment     - HHH000021: Bytecode provider name : javassist
2015-01-15 19:50:10 INFO  org.hibernate.cfg.Configuration     - HHH000043: Configuring from resource: hibernate.cfg.xml
2015-01-15 19:50:10 INFO  org.hibernate.cfg.Configuration     - HHH000040: Configuration resource: hibernate.cfg.xml
2015-01-15 19:50:10 INFO  org.hibernate.cfg.Configuration     - HHH000041: Configured SessionFactory: null
2015-01-15 19:50:10 INFO  org.hibernate.c3p0.internal.C3P0ConnectionProvider     - HHH010002: C3P0 using driver: com.mysql.jdbc.Driver at URL: jdbc:mysql://localhost:3306/usermanager
2015-01-15 19:50:10 INFO  org.hibernate.c3p0.internal.C3P0ConnectionProvider     - HHH000046: Connection properties: {user=readWrite, password=****}
2015-01-15 19:50:10 INFO  org.hibernate.c3p0.internal.C3P0ConnectionProvider     - HHH000006: Autocommit mode: false
2015-01-15 19:50:10 INFO  com.mchange.v2.log.MLog     - MLog clients using log4j logging.
2015-01-15 19:50:10 INFO  com.mchange.v2.c3p0.C3P0Registry     - Initializing c3p0-0.9.2.1 [built 20-March-2013 10:47:27 +0000; debug? true; trace: 10]
2015-01-15 19:50:10 INFO  com.mchange.v2.c3p0.impl.AbstractPoolBackedDataSource     - Initializing c3p0 pool... com.mchange.v2.c3p0.PoolBackedDataSource@a6447fe8 [ connectionPoolDataSource -> com.mchange.v2.c3p0.WrapperConnectionPoolDataSource@b63a84f9 [ acquireIncrement -> 3, acquireRetryAttempts -> 30, acquireRetryDelay -> 1000, autoCommitOnClose -> false, automaticTestTable -> null, breakAfterAcquireFailure -> false, checkoutTimeout -> 0, connectionCustomizerClassName -> null, connectionTesterClassName -> com.mchange.v2.c3p0.impl.DefaultConnectionTester, debugUnreturnedConnectionStackTraces -> false, factoryClassLocation -> null, forceIgnoreUnresolvedTransactions -> false, identityToken -> 1hge0z6961uam9jb1i181a3|6c80d78a, idleConnectionTestPeriod -> 0, initialPoolSize -> 5, maxAdministrativeTaskTime -> 0, maxConnectionAge -> 0, maxIdleTime -> 1800, maxIdleTimeExcessConnections -> 0, maxPoolSize -> 20, maxStatements -> 50, maxStatementsPerConnection -> 0, minPoolSize -> 5, nestedDataSource -> com.mchange.v2.c3p0.DriverManagerDataSource@d8ea4ca [ description -> null, driverClass -> null, factoryClassLocation -> null, identityToken -> 1hge0z6961uam9jb1i181a3|2473d930, jdbcUrl -> jdbc:mysql://localhost:3306/usermanager, properties -> {user=******, password=******} ], preferredTestQuery -> null, propertyCycle -> 0, statementCacheNumDeferredCloseThreads -> 0, testConnectionOnCheckin -> false, testConnectionOnCheckout -> false, unreturnedConnectionTimeout -> 0, usesTraditionalReflectiveProxies -> false; userOverrides: {} ], dataSourceName -> null, factoryClassLocation -> null, identityToken -> 1hge0z6961uam9jb1i181a3|6356695f, numHelperThreads -> 3 ]
2015-01-15 19:50:10 INFO  org.hibernate.dialect.Dialect     - HHH000400: Using dialect: org.hibernate.dialect.MySQLDialect
2015-01-15 19:50:10 INFO  org.hibernate.engine.jdbc.internal.LobCreatorBuilder     - HHH000424: Disabling contextual LOB creation as createClob() method threw error : java.lang.reflect.InvocationTargetException
2015-01-15 19:50:10 INFO  org.hibernate.engine.transaction.internal.TransactionFactoryInitiator     - HHH000399: Using default transaction strategy (direct JDBC transactions)
2015-01-15 19:50:10 INFO  org.hibernate.hql.internal.ast.ASTQueryTranslatorFactory     - HHH000397: Using ASTQueryTranslatorFactory
2015-01-15 19:50:10 INFO  org.hibernate.validator.internal.util.Version     - HV000001: Hibernate Validator 5.1.3.Final
2015-01-15 19:50:11 INFO  org.hibernate.tool.hbm2ddl.SchemaExport     - HHH000227: Running hbm2ddl schema export
2015-01-15 19:50:11 INFO  org.hibernate.tool.hbm2ddl.SchemaExport     - HHH000230: Schema export complete
2015-01-15 19:58:29 INFO  org.hibernate.annotations.common.Version     - HCANN000001: Hibernate Commons Annotations {4.0.5.Final}
2015-01-15 19:58:29 INFO  org.hibernate.Version     - HHH000412: Hibernate Core {4.3.7.Final}
2015-01-15 19:58:29 INFO  org.hibernate.cfg.Environment     - HHH000205: Loaded properties from resource hibernate.properties: {hibernate.c3p0.timeout=1800, hibernate.current_session_contect_class=thread, hibernate.connection.driver_class=com.mysql.jdbc.Driver, hibernate.c3p0.max_statements=50, hibernate.dialect=org.hibernate.dialect.MySQLDialect, hibernate.c3p0.max_size=20, hibernate.format_sql=true, hibernate.c3p0.min_size=5, hibernate.connection.username=readWrite, hibernate.hbm2ddl.auto=create, hibernate.connection.url=jdbc:mysql://localhost:3306/usermanager, hibernate.show_sql=true, hibernate.bytecode.use_reflection_optimizer=false, hibernate.connection.password=****}
2015-01-15 19:58:29 INFO  org.hibernate.cfg.Environment     - HHH000021: Bytecode provider name : javassist
2015-01-15 19:58:29 INFO  org.hibernate.cfg.Configuration     - HHH000043: Configuring from resource: hibernate.cfg.xml
2015-01-15 19:58:29 INFO  org.hibernate.cfg.Configuration     - HHH000040: Configuration resource: hibernate.cfg.xml
2015-01-15 19:58:29 INFO  org.hibernate.cfg.Configuration     - HHH000041: Configured SessionFactory: null
2015-01-15 19:58:29 INFO  org.hibernate.c3p0.internal.C3P0ConnectionProvider     - HHH010002: C3P0 using driver: com.mysql.jdbc.Driver at URL: jdbc:mysql://localhost:3306/usermanager
2015-01-15 19:58:29 INFO  org.hibernate.c3p0.internal.C3P0ConnectionProvider     - HHH000046: Connection properties: {user=readWrite, password=****}
2015-01-15 19:58:29 INFO  org.hibernate.c3p0.internal.C3P0ConnectionProvider     - HHH000006: Autocommit mode: false
2015-01-15 19:58:29 INFO  com.mchange.v2.log.MLog     - MLog clients using log4j logging.
2015-01-15 19:58:29 INFO  com.mchange.v2.c3p0.C3P0Registry     - Initializing c3p0-0.9.2.1 [built 20-March-2013 10:47:27 +0000; debug? true; trace: 10]
2015-01-15 19:58:30 INFO  com.mchange.v2.c3p0.impl.AbstractPoolBackedDataSource     - Initializing c3p0 pool... com.mchange.v2.c3p0.PoolBackedDataSource@9713e122 [ connectionPoolDataSource -> com.mchange.v2.c3p0.WrapperConnectionPoolDataSource@a709e633 [ acquireIncrement -> 3, acquireRetryAttempts -> 30, acquireRetryDelay -> 1000, autoCommitOnClose -> false, automaticTestTable -> null, breakAfterAcquireFailure -> false, checkoutTimeout -> 0, connectionCustomizerClassName -> null, connectionTesterClassName -> com.mchange.v2.c3p0.impl.DefaultConnectionTester, debugUnreturnedConnectionStackTraces -> false, factoryClassLocation -> null, forceIgnoreUnresolvedTransactions -> false, identityToken -> 1hge0z6961uawyxq1lrvo3x|6c80d78a, idleConnectionTestPeriod -> 0, initialPoolSize -> 5, maxAdministrativeTaskTime -> 0, maxConnectionAge -> 0, maxIdleTime -> 1800, maxIdleTimeExcessConnections -> 0, maxPoolSize -> 20, maxStatements -> 50, maxStatementsPerConnection -> 0, minPoolSize -> 5, nestedDataSource -> com.mchange.v2.c3p0.DriverManagerDataSource@fe5e0604 [ description -> null, driverClass -> null, factoryClassLocation -> null, identityToken -> 1hge0z6961uawyxq1lrvo3x|2473d930, jdbcUrl -> jdbc:mysql://localhost:3306/usermanager, properties -> {user=******, password=******} ], preferredTestQuery -> null, propertyCycle -> 0, statementCacheNumDeferredCloseThreads -> 0, testConnectionOnCheckin -> false, testConnectionOnCheckout -> false, unreturnedConnectionTimeout -> 0, usesTraditionalReflectiveProxies -> false; userOverrides: {} ], dataSourceName -> null, factoryClassLocation -> null, identityToken -> 1hge0z6961uawyxq1lrvo3x|6356695f, numHelperThreads -> 3 ]
2015-01-15 19:58:30 INFO  org.hibernate.dialect.Dialect     - HHH000400: Using dialect: org.hibernate.dialect.MySQLDialect
2015-01-15 19:58:30 INFO  org.hibernate.engine.jdbc.internal.LobCreatorBuilder     - HHH000424: Disabling contextual LOB creation as createClob() method threw error : java.lang.reflect.InvocationTargetException
2015-01-15 19:58:30 INFO  org.hibernate.engine.transaction.internal.TransactionFactoryInitiator     - HHH000399: Using default transaction strategy (direct JDBC transactions)
2015-01-15 19:58:30 INFO  org.hibernate.hql.internal.ast.ASTQueryTranslatorFactory     - HHH000397: Using ASTQueryTranslatorFactory
2015-01-15 19:58:30 INFO  org.hibernate.validator.internal.util.Version     - HV000001: Hibernate Validator 5.1.3.Final
2015-01-15 19:58:31 INFO  org.hibernate.tool.hbm2ddl.SchemaExport     - HHH000227: Running hbm2ddl schema export
2015-01-15 19:58:31 INFO  org.hibernate.tool.hbm2ddl.SchemaExport     - HHH000230: Schema export complete
2015-01-15 19:59:37 INFO  org.hibernate.annotations.common.Version     - HCANN000001: Hibernate Commons Annotations {4.0.5.Final}
2015-01-15 19:59:37 INFO  org.hibernate.Version     - HHH000412: Hibernate Core {4.3.7.Final}
2015-01-15 19:59:37 INFO  org.hibernate.cfg.Environment     - HHH000205: Loaded properties from resource hibernate.properties: {hibernate.c3p0.timeout=1800, hibernate.current_session_contect_class=thread, hibernate.connection.driver_class=com.mysql.jdbc.Driver, hibernate.c3p0.max_statements=50, hibernate.dialect=org.hibernate.dialect.MySQLDialect, hibernate.c3p0.max_size=20, hibernate.format_sql=true, hibernate.c3p0.min_size=5, hibernate.connection.username=readWrite, hibernate.hbm2ddl.auto=create, hibernate.connection.url=jdbc:mysql://localhost:3306/usermanager, hibernate.show_sql=true, hibernate.bytecode.use_reflection_optimizer=false, hibernate.connection.password=****}
2015-01-15 19:59:37 INFO  org.hibernate.cfg.Environment     - HHH000021: Bytecode provider name : javassist
2015-01-15 19:59:37 INFO  org.hibernate.cfg.Configuration     - HHH000043: Configuring from resource: hibernate.cfg.xml
2015-01-15 19:59:37 INFO  org.hibernate.cfg.Configuration     - HHH000040: Configuration resource: hibernate.cfg.xml
2015-01-15 19:59:37 INFO  org.hibernate.cfg.Configuration     - HHH000041: Configured SessionFactory: null
2015-01-15 19:59:37 INFO  org.hibernate.c3p0.internal.C3P0ConnectionProvider     - HHH010002: C3P0 using driver: com.mysql.jdbc.Driver at URL: jdbc:mysql://localhost:3306/usermanager
2015-01-15 19:59:37 INFO  org.hibernate.c3p0.internal.C3P0ConnectionProvider     - HHH000046: Connection properties: {user=readWrite, password=****}
2015-01-15 19:59:37 INFO  org.hibernate.c3p0.internal.C3P0ConnectionProvider     - HHH000006: Autocommit mode: false
2015-01-15 19:59:37 INFO  com.mchange.v2.log.MLog     - MLog clients using log4j logging.
2015-01-15 19:59:38 INFO  com.mchange.v2.c3p0.C3P0Registry     - Initializing c3p0-0.9.2.1 [built 20-March-2013 10:47:27 +0000; debug? true; trace: 10]
2015-01-15 19:59:38 INFO  com.mchange.v2.c3p0.impl.AbstractPoolBackedDataSource     - Initializing c3p0 pool... com.mchange.v2.c3p0.PoolBackedDataSource@9c6bb64b [ connectionPoolDataSource -> com.mchange.v2.c3p0.WrapperConnectionPoolDataSource@ac61bb5c [ acquireIncrement -> 3, acquireRetryAttempts -> 30, acquireRetryDelay -> 1000, autoCommitOnClose -> false, automaticTestTable -> null, breakAfterAcquireFailure -> false, checkoutTimeout -> 0, connectionCustomizerClassName -> null, connectionTesterClassName -> com.mchange.v2.c3p0.impl.DefaultConnectionTester, debugUnreturnedConnectionStackTraces -> false, factoryClassLocation -> null, forceIgnoreUnresolvedTransactions -> false, identityToken -> 1hge0z6961uayfji1e619o4|6c80d78a, idleConnectionTestPeriod -> 0, initialPoolSize -> 5, maxAdministrativeTaskTime -> 0, maxConnectionAge -> 0, maxIdleTime -> 1800, maxIdleTimeExcessConnections -> 0, maxPoolSize -> 20, maxStatements -> 50, maxStatementsPerConnection -> 0, minPoolSize -> 5, nestedDataSource -> com.mchange.v2.c3p0.DriverManagerDataSource@3b5db2d [ description -> null, driverClass -> null, factoryClassLocation -> null, identityToken -> 1hge0z6961uayfji1e619o4|2473d930, jdbcUrl -> jdbc:mysql://localhost:3306/usermanager, properties -> {user=******, password=******} ], preferredTestQuery -> null, propertyCycle -> 0, statementCacheNumDeferredCloseThreads -> 0, testConnectionOnCheckin -> false, testConnectionOnCheckout -> false, unreturnedConnectionTimeout -> 0, usesTraditionalReflectiveProxies -> false; userOverrides: {} ], dataSourceName -> null, factoryClassLocation -> null, identityToken -> 1hge0z6961uayfji1e619o4|6356695f, numHelperThreads -> 3 ]
2015-01-15 19:59:38 INFO  org.hibernate.dialect.Dialect     - HHH000400: Using dialect: org.hibernate.dialect.MySQLDialect
2015-01-15 19:59:38 INFO  org.hibernate.engine.jdbc.internal.LobCreatorBuilder     - HHH000424: Disabling contextual LOB creation as createClob() method threw error : java.lang.reflect.InvocationTargetException
2015-01-15 19:59:38 INFO  org.hibernate.engine.transaction.internal.TransactionFactoryInitiator     - HHH000399: Using default transaction strategy (direct JDBC transactions)
2015-01-15 19:59:38 INFO  org.hibernate.hql.internal.ast.ASTQueryTranslatorFactory     - HHH000397: Using ASTQueryTranslatorFactory
2015-01-15 19:59:38 INFO  org.hibernate.validator.internal.util.Version     - HV000001: Hibernate Validator 5.1.3.Final
2015-01-15 19:59:39 INFO  org.hibernate.tool.hbm2ddl.SchemaExport     - HHH000227: Running hbm2ddl schema export
2015-01-15 19:59:39 INFO  org.hibernate.tool.hbm2ddl.SchemaExport     - HHH000230: Schema export complete
2015-01-15 20:01:07 INFO  org.hibernate.annotations.common.Version     - HCANN000001: Hibernate Commons Annotations {4.0.5.Final}
2015-01-15 20:01:07 INFO  org.hibernate.Version     - HHH000412: Hibernate Core {4.3.7.Final}
2015-01-15 20:01:07 INFO  org.hibernate.cfg.Environment     - HHH000205: Loaded properties from resource hibernate.properties: {hibernate.c3p0.timeout=1800, hibernate.connection.driver_class=com.mysql.jdbc.Driver, hibernate.current_session_context_class=thread, hibernate.c3p0.max_statements=50, hibernate.dialect=org.hibernate.dialect.MySQLDialect, hibernate.c3p0.max_size=20, hibernate.format_sql=true, hibernate.c3p0.min_size=5, hibernate.connection.username=readWrite, hibernate.hbm2ddl.auto=create, hibernate.connection.url=jdbc:mysql://localhost:3306/usermanager, hibernate.show_sql=true, hibernate.bytecode.use_reflection_optimizer=false, hibernate.connection.password=****}
2015-01-15 20:01:07 INFO  org.hibernate.cfg.Environment     - HHH000021: Bytecode provider name : javassist
2015-01-15 20:01:07 INFO  org.hibernate.cfg.Configuration     - HHH000043: Configuring from resource: hibernate.cfg.xml
2015-01-15 20:01:07 INFO  org.hibernate.cfg.Configuration     - HHH000040: Configuration resource: hibernate.cfg.xml
2015-01-15 20:01:07 INFO  org.hibernate.cfg.Configuration     - HHH000041: Configured SessionFactory: null
2015-01-15 20:01:08 INFO  org.hibernate.c3p0.internal.C3P0ConnectionProvider     - HHH010002: C3P0 using driver: com.mysql.jdbc.Driver at URL: jdbc:mysql://localhost:3306/usermanager
2015-01-15 20:01:08 INFO  org.hibernate.c3p0.internal.C3P0ConnectionProvider     - HHH000046: Connection properties: {user=readWrite, password=****}
2015-01-15 20:01:08 INFO  org.hibernate.c3p0.internal.C3P0ConnectionProvider     - HHH000006: Autocommit mode: false
2015-01-15 20:01:08 INFO  com.mchange.v2.log.MLog     - MLog clients using log4j logging.
2015-01-15 20:01:08 INFO  com.mchange.v2.c3p0.C3P0Registry     - Initializing c3p0-0.9.2.1 [built 20-March-2013 10:47:27 +0000; debug? true; trace: 10]
2015-01-15 20:01:08 INFO  com.mchange.v2.c3p0.impl.AbstractPoolBackedDataSource     - Initializing c3p0 pool... com.mchange.v2.c3p0.PoolBackedDataSource@20244944 [ connectionPoolDataSource -> com.mchange.v2.c3p0.WrapperConnectionPoolDataSource@301a4e55 [ acquireIncrement -> 3, acquireRetryAttempts -> 30, acquireRetryDelay -> 1000, autoCommitOnClose -> false, automaticTestTable -> null, breakAfterAcquireFailure -> false, checkoutTimeout -> 0, connectionCustomizerClassName -> null, connectionTesterClassName -> com.mchange.v2.c3p0.impl.DefaultConnectionTester, debugUnreturnedConnectionStackTraces -> false, factoryClassLocation -> null, forceIgnoreUnresolvedTransactions -> false, identityToken -> 1hge0z6961ub0d5g1fwvtad|6c80d78a, idleConnectionTestPeriod -> 0, initialPoolSize -> 5, maxAdministrativeTaskTime -> 0, maxConnectionAge -> 0, maxIdleTime -> 1800, maxIdleTimeExcessConnections -> 0, maxPoolSize -> 20, maxStatements -> 50, maxStatementsPerConnection -> 0, minPoolSize -> 5, nestedDataSource -> com.mchange.v2.c3p0.DriverManagerDataSource@876e6e26 [ description -> null, driverClass -> null, factoryClassLocation -> null, identityToken -> 1hge0z6961ub0d5g1fwvtad|2473d930, jdbcUrl -> jdbc:mysql://localhost:3306/usermanager, properties -> {user=******, password=******} ], preferredTestQuery -> null, propertyCycle -> 0, statementCacheNumDeferredCloseThreads -> 0, testConnectionOnCheckin -> false, testConnectionOnCheckout -> false, unreturnedConnectionTimeout -> 0, usesTraditionalReflectiveProxies -> false; userOverrides: {} ], dataSourceName -> null, factoryClassLocation -> null, identityToken -> 1hge0z6961ub0d5g1fwvtad|6356695f, numHelperThreads -> 3 ]
2015-01-15 20:01:08 INFO  org.hibernate.dialect.Dialect     - HHH000400: Using dialect: org.hibernate.dialect.MySQLDialect
2015-01-15 20:01:08 INFO  org.hibernate.engine.jdbc.internal.LobCreatorBuilder     - HHH000424: Disabling contextual LOB creation as createClob() method threw error : java.lang.reflect.InvocationTargetException
2015-01-15 20:01:08 INFO  org.hibernate.engine.transaction.internal.TransactionFactoryInitiator     - HHH000399: Using default transaction strategy (direct JDBC transactions)
2015-01-15 20:01:08 INFO  org.hibernate.hql.internal.ast.ASTQueryTranslatorFactory     - HHH000397: Using ASTQueryTranslatorFactory
2015-01-15 20:01:08 INFO  org.hibernate.validator.internal.util.Version     - HV000001: Hibernate Validator 5.1.3.Final
2015-01-15 20:01:09 INFO  org.hibernate.tool.hbm2ddl.SchemaExport     - HHH000227: Running hbm2ddl schema export
2015-01-15 20:01:09 INFO  org.hibernate.tool.hbm2ddl.SchemaExport     - HHH000230: Schema export complete
2015-01-15 20:01:25 INFO  org.hibernate.annotations.common.Version     - HCANN000001: Hibernate Commons Annotations {4.0.5.Final}
2015-01-15 20:01:25 INFO  org.hibernate.Version     - HHH000412: Hibernate Core {4.3.7.Final}
2015-01-15 20:01:25 INFO  org.hibernate.cfg.Environment     - HHH000205: Loaded properties from resource hibernate.properties: {hibernate.c3p0.timeout=1800, hibernate.connection.driver_class=com.mysql.jdbc.Driver, hibernate.current_session_context_class=thread, hibernate.c3p0.max_statements=50, hibernate.dialect=org.hibernate.dialect.MySQLDialect, hibernate.c3p0.max_size=20, hibernate.format_sql=true, hibernate.c3p0.min_size=5, hibernate.connection.username=readWrite, hibernate.hbm2ddl.auto=create, hibernate.connection.url=jdbc:mysql://localhost:3306/usermanager, hibernate.show_sql=true, hibernate.bytecode.use_reflection_optimizer=false, hibernate.connection.password=****}
2015-01-15 20:01:26 INFO  org.hibernate.cfg.Environment     - HHH000021: Bytecode provider name : javassist
2015-01-15 20:01:26 INFO  org.hibernate.cfg.Configuration     - HHH000043: Configuring from resource: hibernate.cfg.xml
2015-01-15 20:01:26 INFO  org.hibernate.cfg.Configuration     - HHH000040: Configuration resource: hibernate.cfg.xml
2015-01-15 20:01:26 INFO  org.hibernate.cfg.Configuration     - HHH000041: Configured SessionFactory: null
2015-01-15 20:01:26 INFO  org.hibernate.c3p0.internal.C3P0ConnectionProvider     - HHH010002: C3P0 using driver: com.mysql.jdbc.Driver at URL: jdbc:mysql://localhost:3306/usermanager
2015-01-15 20:01:26 INFO  org.hibernate.c3p0.internal.C3P0ConnectionProvider     - HHH000046: Connection properties: {user=readWrite, password=****}
2015-01-15 20:01:26 INFO  org.hibernate.c3p0.internal.C3P0ConnectionProvider     - HHH000006: Autocommit mode: false
2015-01-15 20:01:26 INFO  com.mchange.v2.log.MLog     - MLog clients using log4j logging.
2015-01-15 20:01:26 INFO  com.mchange.v2.c3p0.C3P0Registry     - Initializing c3p0-0.9.2.1 [built 20-March-2013 10:47:27 +0000; debug? true; trace: 10]
2015-01-15 20:01:26 INFO  com.mchange.v2.c3p0.impl.AbstractPoolBackedDataSource     - Initializing c3p0 pool... com.mchange.v2.c3p0.PoolBackedDataSource@66d6b398 [ connectionPoolDataSource -> com.mchange.v2.c3p0.WrapperConnectionPoolDataSource@76ccb8a9 [ acquireIncrement -> 3, acquireRetryAttempts -> 30, acquireRetryDelay -> 1000, autoCommitOnClose -> false, automaticTestTable -> null, breakAfterAcquireFailure -> false, checkoutTimeout -> 0, connectionCustomizerClassName -> null, connectionTesterClassName -> com.mchange.v2.c3p0.impl.DefaultConnectionTester, debugUnreturnedConnectionStackTraces -> false, factoryClassLocation -> null, forceIgnoreUnresolvedTransactions -> false, identityToken -> 1hge0z6961ub0r4ifwuqrk|6c80d78a, idleConnectionTestPeriod -> 0, initialPoolSize -> 5, maxAdministrativeTaskTime -> 0, maxConnectionAge -> 0, maxIdleTime -> 1800, maxIdleTimeExcessConnections -> 0, maxPoolSize -> 20, maxStatements -> 50, maxStatementsPerConnection -> 0, minPoolSize -> 5, nestedDataSource -> com.mchange.v2.c3p0.DriverManagerDataSource@ce20d87a [ description -> null, driverClass -> null, factoryClassLocation -> null, identityToken -> 1hge0z6961ub0r4ifwuqrk|2473d930, jdbcUrl -> jdbc:mysql://localhost:3306/usermanager, properties -> {user=******, password=******} ], preferredTestQuery -> null, propertyCycle -> 0, statementCacheNumDeferredCloseThreads -> 0, testConnectionOnCheckin -> false, testConnectionOnCheckout -> false, unreturnedConnectionTimeout -> 0, usesTraditionalReflectiveProxies -> false; userOverrides: {} ], dataSourceName -> null, factoryClassLocation -> null, identityToken -> 1hge0z6961ub0r4ifwuqrk|6356695f, numHelperThreads -> 3 ]
2015-01-15 20:01:26 INFO  org.hibernate.dialect.Dialect     - HHH000400: Using dialect: org.hibernate.dialect.MySQLDialect
2015-01-15 20:01:26 INFO  org.hibernate.engine.jdbc.internal.LobCreatorBuilder     - HHH000424: Disabling contextual LOB creation as createClob() method threw error : java.lang.reflect.InvocationTargetException
2015-01-15 20:01:26 INFO  org.hibernate.engine.transaction.internal.TransactionFactoryInitiator     - HHH000399: Using default transaction strategy (direct JDBC transactions)
2015-01-15 20:01:26 INFO  org.hibernate.hql.internal.ast.ASTQueryTranslatorFactory     - HHH000397: Using ASTQueryTranslatorFactory
2015-01-15 20:01:27 INFO  org.hibernate.validator.internal.util.Version     - HV000001: Hibernate Validator 5.1.3.Final
2015-01-15 20:01:27 INFO  org.hibernate.tool.hbm2ddl.SchemaExport     - HHH000227: Running hbm2ddl schema export
2015-01-15 20:01:27 INFO  org.hibernate.tool.hbm2ddl.SchemaExport     - HHH000230: Schema export complete
